  [1m[35m (1053.7ms)[0m  [1m[35mCREATE DATABASE "todo_part_3_development" ENCODING = 'utf8'[0m
  ↳ bin/rails:9
  [1m[35m (206.5ms)[0m  [1m[35mCREATE DATABASE "todo_part_3_test" ENCODING = 'utf8'[0m
  ↳ bin/rails:9
  [1m[35m (333.8ms)[0m  [1m[35mCREATE TABLE "schema_migrations" ("version" character varying NOT NULL PRIMARY KEY)[0m
  ↳ bin/rails:9
  [1m[35m (29.5ms)[0m  [1m[35mCREATE TABLE "ar_internal_metadata" ("key" character varying NOT NULL PRIMARY KEY, "value" character varying, "created_at" timestamp NOT NULL, "updated_at" timestamp NOT NULL)[0m
  ↳ bin/rails:9
  [1m[35m (1.3ms)[0m  [1m[34mSELECT pg_try_advisory_lock(625992045406674660)[0m
  ↳ bin/rails:9
  [1m[35m (1.7ms)[0m  [1m[34mSELECT "schema_migrations"."version" FROM "schema_migrations" ORDER BY "schema_migrations"."version" ASC[0m
  ↳ bin/rails:9
Migrating to CreateTodos (20210503200839)
  [1m[35m (0.3ms)[0m  [1m[35mBEGIN[0m
  ↳ bin/rails:9
  [1m[35m (418.5ms)[0m  [1m[35mCREATE TABLE "todos" ("id" bigserial primary key, "title" character varying NOT NULL, "body" character varying NOT NULL, "done" boolean NOT NULL, "created_at" timestamp NOT NULL, "updated_at" timestamp NOT NULL)[0m
  ↳ db/migrate/20210503200839_create_todos.rb:3
  [1m[36mActiveRecord::SchemaMigration Create (4.8ms)[0m  [1m[32mINSERT INTO "schema_migrations" ("version") VALUES ($1) RETURNING "version"[0m  [["version", "20210503200839"]]
  ↳ bin/rails:9
  [1m[35m (1.9ms)[0m  [1m[35mCOMMIT[0m
  ↳ bin/rails:9
  [1m[36mActiveRecord::InternalMetadata Load (0.8ms)[0m  [1m[34mSELECT  "ar_internal_metadata".* FROM "ar_internal_metadata" WHERE "ar_internal_metadata"."key" = $1 LIMIT $2[0m  [["key", "environment"], ["LIMIT", 1]]
  ↳ bin/rails:9
  [1m[35m (0.2ms)[0m  [1m[35mBEGIN[0m
  ↳ bin/rails:9
  [1m[36mActiveRecord::InternalMetadata Create (2.9ms)[0m  [1m[32mINSERT INTO "ar_internal_metadata" ("key", "value", "created_at", "updated_at") VALUES ($1, $2, $3, $4) RETURNING "key"[0m  [["key", "environment"], ["value", "development"], ["created_at", "2021-05-03 20:09:45.140060"], ["updated_at", "2021-05-03 20:09:45.140060"]]
  ↳ bin/rails:9
  [1m[35m (6.8ms)[0m  [1m[35mCOMMIT[0m
  ↳ bin/rails:9
  [1m[35m (0.4ms)[0m  [1m[34mSELECT pg_advisory_unlock(625992045406674660)[0m
  ↳ bin/rails:9
  [1m[35m (0.4ms)[0m  [1m[34mSELECT "schema_migrations"."version" FROM "schema_migrations" ORDER BY "schema_migrations"."version" ASC[0m
  ↳ bin/rails:9
Started GET "/" for ::1 at 2021-05-03 16:13:38 -0400
  [1m[35m (2.9ms)[0m  [1m[34mSELECT "schema_migrations"."version" FROM "schema_migrations" ORDER BY "schema_migrations"."version" ASC[0m
  ↳ /Users/michelleroos/.rbenv/versions/2.5.3/lib/ruby/gems/2.5.0/gems/activerecord-5.2.5/lib/active_record/log_subscriber.rb:98
Processing by StaticPagesController#root as HTML
Completed 406 Not Acceptable in 1456ms (ActiveRecord: 0.0ms)



ActionController::UnknownFormat - StaticPagesController#root is missing a template for this request format and variant.
request.formats: ["text/html"]
request.variant: []
NOTE! For XHR/Ajax or API requests, this action would normally respond with 204 No Content: an empty white screen. Since you're loading it in a web browser, we assume that you expected to actually render a template, not nothing, so we're showing an error to be extra-clear. If you expect 204 No Content, carry on. That's what you'll get from an XHR or API request. Give it a shot.:

Started GET "/" for ::1 at 2021-05-03 16:13:41 -0400
Processing by StaticPagesController#root as HTML
Completed 406 Not Acceptable in 1445ms (ActiveRecord: 0.0ms)



ActionController::UnknownFormat - StaticPagesController#root is missing a template for this request format and variant.
request.formats: ["text/html"]
request.variant: []
NOTE! For XHR/Ajax or API requests, this action would normally respond with 204 No Content: an empty white screen. Since you're loading it in a web browser, we assume that you expected to actually render a template, not nothing, so we're showing an error to be extra-clear. If you expect 204 No Content, carry on. That's what you'll get from an XHR or API request. Give it a shot.:

Started POST "/__better_errors/f3d781b1a5d5061a/variables" for ::1 at 2021-05-03 16:13:44 -0400
Started GET "/" for ::1 at 2021-05-03 16:14:22 -0400
Processing by StaticPagesController#root as HTML
  Rendering static_pages/root.html.erb within layouts/application
  Rendered static_pages/root.html.erb within layouts/application (6.5ms)
Completed 200 OK in 3442ms (Views: 3431.3ms | ActiveRecord: 0.0ms)


Started GET "/" for ::1 at 2021-05-03 16:16:26 -0400
Processing by StaticPagesController#root as HTML
  Rendering static_pages/root.html.erb within layouts/application
  Rendered static_pages/root.html.erb within layouts/application (1.0ms)
Completed 200 OK in 540ms (Views: 523.2ms | ActiveRecord: 0.0ms)


Started GET "/api/todos" for ::1 at 2021-05-03 16:16:30 -0400

ActionController::RoutingError - uninitialized constant Api:

Started POST "/api/todos" for ::1 at 2021-05-03 16:17:06 -0400

ActionController::RoutingError - uninitialized constant Api:

  [1m[36mTodo Load (1.3ms)[0m  [1m[34mSELECT "todos".* FROM "todos"[0m
  [1m[35m (1.1ms)[0m  [1m[34mSELECT "schema_migrations"."version" FROM "schema_migrations" ORDER BY "schema_migrations"."version" ASC[0m
  ↳ bin/rails:9
  [1m[36mTodo Load (1.0ms)[0m  [1m[34mSELECT "todos".* FROM "todos"[0m
  ↳ db/seeds.rb:9
  [1m[35m (0.3ms)[0m  [1m[35mBEGIN[0m
  ↳ db/seeds.rb:11
  [1m[36mTodo Create (42.9ms)[0m  [1m[32mINSERT INTO "todos" ("title", "body", "done", "created_at", "updated_at") VALUES ($1, $2, $3, $4, $5) RETURNING "id"[0m  [["title", "Morning todo"], ["body", "Brush teeth"], ["done", true], ["created_at", "2021-05-03 20:20:59.308592"], ["updated_at", "2021-05-03 20:20:59.308592"]]
  ↳ db/seeds.rb:11
  [1m[35m (1.3ms)[0m  [1m[35mCOMMIT[0m
  ↳ db/seeds.rb:11
  [1m[35m (1.1ms)[0m  [1m[35mBEGIN[0m
  ↳ db/seeds.rb:12
  [1m[36mTodo Create (0.5ms)[0m  [1m[32mINSERT INTO "todos" ("title", "body", "done", "created_at", "updated_at") VALUES ($1, $2, $3, $4, $5) RETURNING "id"[0m  [["title", "Midday todo"], ["body", "Eat lunch"], ["done", true], ["created_at", "2021-05-03 20:20:59.356873"], ["updated_at", "2021-05-03 20:20:59.356873"]]
  ↳ db/seeds.rb:12
  [1m[35m (0.3ms)[0m  [1m[35mCOMMIT[0m
  ↳ db/seeds.rb:12
  [1m[35m (0.1ms)[0m  [1m[35mBEGIN[0m
  ↳ db/seeds.rb:13
  [1m[36mTodo Create (1.5ms)[0m  [1m[32mINSERT INTO "todos" ("title", "body", "done", "created_at", "updated_at") VALUES ($1, $2, $3, $4, $5) RETURNING "id"[0m  [["title", "Evening todo"], ["body", "Have dinner"], ["done", false], ["created_at", "2021-05-03 20:20:59.359790"], ["updated_at", "2021-05-03 20:20:59.359790"]]
  ↳ db/seeds.rb:13
  [1m[35m (0.3ms)[0m  [1m[35mCOMMIT[0m
  ↳ db/seeds.rb:13
  [1m[36mTodo Load (4.3ms)[0m  [1m[34mSELECT "todos".* FROM "todos"[0m
Started GET "/" for ::1 at 2021-05-03 16:21:19 -0400
Processing by StaticPagesController#root as HTML
  Rendering static_pages/root.html.erb within layouts/application
  Rendered static_pages/root.html.erb within layouts/application (2.4ms)
Completed 200 OK in 99ms (Views: 85.7ms | ActiveRecord: 0.0ms)


Started GET "/api/todos" for ::1 at 2021-05-03 16:21:24 -0400

ActionController::RoutingError - uninitialized constant Api:

Started GET "/" for ::1 at 2021-05-03 16:25:09 -0400
Processing by StaticPagesController#root as HTML
  Rendering static_pages/root.html.erb within layouts/application
  Rendered static_pages/root.html.erb within layouts/application (0.3ms)
Completed 200 OK in 104ms (Views: 97.2ms | ActiveRecord: 0.0ms)


Started GET "/api/todos" for ::1 at 2021-05-03 16:25:16 -0400

ActionController::RoutingError - uninitialized constant Api:

Started GET "/" for ::1 at 2021-05-03 16:26:48 -0400
Processing by StaticPagesController#root as HTML
  Rendering static_pages/root.html.erb within layouts/application
  Rendered static_pages/root.html.erb within layouts/application (2.7ms)
Completed 200 OK in 112ms (Views: 97.8ms | ActiveRecord: 0.0ms)


Started GET "/" for ::1 at 2021-05-03 16:29:11 -0400
Processing by StaticPagesController#root as HTML
  Rendering static_pages/root.html.erb within layouts/application
  Rendered static_pages/root.html.erb within layouts/application (6.0ms)
Completed 200 OK in 703ms (Views: 691.8ms | ActiveRecord: 0.0ms)


Started POST "/api/todos" for ::1 at 2021-05-03 16:31:25 -0400

ActionController::RoutingError - uninitialized constant Api:

  [1m[36mTodo Load (3.1ms)[0m  [1m[34mSELECT "todos".* FROM "todos"[0m
Started GET "/api/todos" for ::1 at 2021-05-03 16:34:36 -0400
  [1m[35m (1.0ms)[0m  [1m[34mSELECT "schema_migrations"."version" FROM "schema_migrations" ORDER BY "schema_migrations"."version" ASC[0m
  ↳ /Users/michelleroos/.rbenv/versions/2.5.3/lib/ruby/gems/2.5.0/gems/activerecord-5.2.5/lib/active_record/log_subscriber.rb:98

ActionController::RoutingError - uninitialized constant Api:

Started GET "/" for ::1 at 2021-05-03 16:38:02 -0400
Processing by StaticPagesController#root as HTML
  Rendering static_pages/root.html.erb within layouts/application
  Rendered static_pages/root.html.erb within layouts/application (4.3ms)
Completed 200 OK in 2332ms (Views: 2304.5ms | ActiveRecord: 0.0ms)


Started GET "/api/todos" for ::1 at 2021-05-03 16:38:11 -0400

LoadError - Unable to autoload constant Api::TodosController, expected /Users/michelleroos/Desktop/aa_class/W11D1/Todos-Part-3/Todos_part_3_coming_together/app/controllers/api/todos_controller.rb to define it:

Started POST "/api/todos" for ::1 at 2021-05-03 16:38:22 -0400

LoadError - Unable to autoload constant Api::TodosController, expected /Users/michelleroos/Desktop/aa_class/W11D1/Todos-Part-3/Todos_part_3_coming_together/app/controllers/api/todos_controller.rb to define it:

Started GET "/" for ::1 at 2021-05-03 16:41:16 -0400
Processing by StaticPagesController#root as HTML
  Rendering static_pages/root.html.erb within layouts/application
  Rendered static_pages/root.html.erb within layouts/application (1.6ms)
Completed 200 OK in 110ms (Views: 97.0ms | ActiveRecord: 0.0ms)


Started POST "/api/todos" for ::1 at 2021-05-03 16:41:20 -0400
Processing by Api::TodosController#create as JSON
  Parameters: {"title"=>"apple", "body"=>"banana", "done"=>"false"}
Completed 400 Bad Request in 28ms (ActiveRecord: 0.0ms)



ActionController::ParameterMissing - param is missing or the value is empty: todo:
  app/controllers/api/todos_controller.rb:50:in `todo_params'
  app/controllers/api/todos_controller.rb:24:in `create'

Started GET "/api/todos" for ::1 at 2021-05-03 16:41:26 -0400
Processing by Api::TodosController#index as JSON
  [1m[36mTodo Load (4.5ms)[0m  [1m[34mSELECT "todos".* FROM "todos"[0m
  ↳ app/controllers/api/todos_controller.rb:10
Completed 200 OK in 197ms (Views: 17.1ms | ActiveRecord: 178.1ms)


Started POST "/api/todos" for ::1 at 2021-05-03 16:43:08 -0400
Processing by Api::TodosController#create as JSON
  Parameters: {"todo"=>{"title"=>"apple", "body"=>"banana", "done"=>"false"}}
  [1m[35m (45.8ms)[0m  [1m[35mBEGIN[0m
  ↳ app/controllers/api/todos_controller.rb:25
  [1m[36mTodo Create (8.0ms)[0m  [1m[32mINSERT INTO "todos" ("title", "body", "done", "created_at", "updated_at") VALUES ($1, $2, $3, $4, $5) RETURNING "id"[0m  [["title", "apple"], ["body", "banana"], ["done", false], ["created_at", "2021-05-03 20:43:08.344479"], ["updated_at", "2021-05-03 20:43:08.344479"]]
  ↳ app/controllers/api/todos_controller.rb:25
  [1m[35m (25.6ms)[0m  [1m[35mCOMMIT[0m
  ↳ app/controllers/api/todos_controller.rb:25
Completed 200 OK in 87ms (Views: 0.5ms | ActiveRecord: 79.4ms)


Started GET "/api/todos" for ::1 at 2021-05-03 16:43:29 -0400
Processing by Api::TodosController#index as JSON
  [1m[36mTodo Load (18.3ms)[0m  [1m[34mSELECT "todos".* FROM "todos"[0m
  ↳ app/controllers/api/todos_controller.rb:10
Completed 200 OK in 26ms (Views: 5.0ms | ActiveRecord: 18.3ms)


Started GET "/" for ::1 at 2021-05-03 16:48:55 -0400
Processing by StaticPagesController#root as HTML
  Rendering static_pages/root.html.erb within layouts/application
  Rendered static_pages/root.html.erb within layouts/application (3.4ms)
Completed 200 OK in 260ms (Views: 240.7ms | ActiveRecord: 0.0ms)


